{"contracts/interfaces/IBlockChatUpgradeable.sol":{"l":{},"path":"/root/git/blockchat-contract/contracts/interfaces/IBlockChatUpgradeable.sol","s":{},"b":{},"f":{},"fnMap":{},"statementMap":{},"branchMap":{}},"contracts/upgradeable/BlockChatUpgradeable.sol":{"l":{"21":9,"22":9,"23":9,"24":9,"30":7,"31":4,"39":1,"43":1,"47":2,"51":2,"57":13,"58":13,"59":13,"60":13,"61":13,"67":1,"71":1},"path":"/root/git/blockchat-contract/contracts/upgradeable/BlockChatUpgradeable.sol","s":{"1":9,"2":9,"3":9,"4":9,"5":7,"6":1,"7":1,"8":2,"9":2,"10":13,"11":13,"12":13,"13":13,"14":1,"15":1},"b":{"1":[4,3]},"f":{"1":3,"2":9,"3":7,"4":2,"5":1,"6":1,"7":2,"8":2,"9":13,"10":1,"11":1},"fnMap":{"1":{"name":"constructor","line":18,"loc":{"start":{"line":18,"column":4},"end":{"line":18,"column":31}}},"2":{"name":"initialize","line":20,"loc":{"start":{"line":20,"column":4},"end":{"line":25,"column":4}}},"3":{"name":"_onlyAdmin","line":29,"loc":{"start":{"line":29,"column":4},"end":{"line":32,"column":4}}},"4":{"name":"_authorizeUpgrade","line":34,"loc":{"start":{"line":34,"column":4},"end":{"line":34,"column":75}}},"5":{"name":"implementationVersion","line":38,"loc":{"start":{"line":38,"column":4},"end":{"line":40,"column":4}}},"6":{"name":"getRecipientHash","line":42,"loc":{"start":{"line":42,"column":4},"end":{"line":44,"column":4}}},"7":{"name":"getSenderMessageListLength","line":46,"loc":{"start":{"line":46,"column":4},"end":{"line":48,"column":4}}},"8":{"name":"getRecipientMessageListLength","line":50,"loc":{"start":{"line":50,"column":4},"end":{"line":52,"column":4}}},"9":{"name":"createMessage","line":56,"loc":{"start":{"line":56,"column":4},"end":{"line":62,"column":4}}},"10":{"name":"pause","line":66,"loc":{"start":{"line":66,"column":4},"end":{"line":68,"column":4}}},"11":{"name":"unpause","line":70,"loc":{"start":{"line":70,"column":4},"end":{"line":72,"column":4}}}},"statementMap":{"1":{"start":{"line":21,"column":8},"end":{"line":21,"column":24}},"2":{"start":{"line":22,"column":8},"end":{"line":22,"column":29}},"3":{"start":{"line":23,"column":8},"end":{"line":23,"column":31}},"4":{"start":{"line":24,"column":8},"end":{"line":24,"column":51}},"5":{"start":{"line":30,"column":8},"end":{"line":30,"column":107}},"6":{"start":{"line":39,"column":8},"end":{"line":39,"column":22}},"7":{"start":{"line":43,"column":8},"end":{"line":43,"column":48}},"8":{"start":{"line":47,"column":8},"end":{"line":47,"column":50}},"9":{"start":{"line":51,"column":8},"end":{"line":51,"column":56}},"10":{"start":{"line":58,"column":8},"end":{"line":58,"column":91}},"11":{"start":{"line":59,"column":8},"end":{"line":59,"column":59}},"12":{"start":{"line":60,"column":8},"end":{"line":60,"column":61}},"13":{"start":{"line":61,"column":8},"end":{"line":61,"column":91}},"14":{"start":{"line":67,"column":8},"end":{"line":67,"column":15}},"15":{"start":{"line":71,"column":8},"end":{"line":71,"column":17}}},"branchMap":{"1":{"line":30,"type":"if","locations":[{"start":{"line":30,"column":8},"end":{"line":30,"column":8}},{"start":{"line":30,"column":8},"end":{"line":30,"column":8}}]}}}}